{"/home/samuel/Documents/luizalabs/workout-log/src/components/Button/index.js": {"path":"/home/samuel/Documents/luizalabs/workout-log/src/components/Button/index.js","statementMap":{"0":{"start":{"line":7,"column":21},"end":{"line":26,"column":1}},"1":{"start":{"line":8,"column":21},"end":{"line":8,"column":45}},"2":{"start":{"line":14,"column":25},"end":{"line":14,"column":44}},"3":{"start":{"line":20,"column":27},"end":{"line":20,"column":58}},"4":{"start":{"line":24,"column":27},"end":{"line":24,"column":58}},"5":{"start":{"line":29,"column":23},"end":{"line":29,"column":28}},"6":{"start":{"line":31,"column":2},"end":{"line":35,"column":3}},"7":{"start":{"line":38,"column":0},"end":{"line":42,"column":1}},"8":{"start":{"line":44,"column":0},"end":{"line":48,"column":1}}},"fnMap":{"0":{"name":"(anonymous_0)","decl":{"start":{"line":8,"column":11},"end":{"line":8,"column":12}},"loc":{"start":{"line":8,"column":21},"end":{"line":8,"column":45}},"line":8},"1":{"name":"(anonymous_1)","decl":{"start":{"line":14,"column":16},"end":{"line":14,"column":17}},"loc":{"start":{"line":14,"column":25},"end":{"line":14,"column":44}},"line":14},"2":{"name":"(anonymous_2)","decl":{"start":{"line":20,"column":18},"end":{"line":20,"column":19}},"loc":{"start":{"line":20,"column":27},"end":{"line":20,"column":58}},"line":20},"3":{"name":"(anonymous_3)","decl":{"start":{"line":24,"column":18},"end":{"line":24,"column":19}},"loc":{"start":{"line":24,"column":27},"end":{"line":24,"column":58}},"line":24},"4":{"name":"Button","decl":{"start":{"line":28,"column":9},"end":{"line":28,"column":15}},"loc":{"start":{"line":28,"column":23},"end":{"line":36,"column":1}},"line":28}},"branchMap":{"0":{"loc":{"start":{"line":8,"column":21},"end":{"line":8,"column":45}},"type":"cond-expr","locations":[{"start":{"line":8,"column":34},"end":{"line":8,"column":40}},{"start":{"line":8,"column":43},"end":{"line":8,"column":45}}],"line":8}},"s":{"0":1,"1":2,"2":2,"3":2,"4":2,"5":2,"6":2,"7":1,"8":1},"f":{"0":2,"1":2,"2":2,"3":2,"4":2},"b":{"0":[2,0]},"_coverageSchema":"43e27e138ebf9cfc5966b082cf9a028302ed4184","hash":"0fd529745ef4fd9543ad96692035e3ae25abcdd9"}
,"/home/samuel/Documents/luizalabs/workout-log/src/components/Input/index.js": {"path":"/home/samuel/Documents/luizalabs/workout-log/src/components/Input/index.js","statementMap":{"0":{"start":{"line":7,"column":20},"end":{"line":38,"column":1}},"1":{"start":{"line":12,"column":12},"end":{"line":14,"column":32}},"2":{"start":{"line":22,"column":12},"end":{"line":24,"column":20}},"3":{"start":{"line":30,"column":12},"end":{"line":32,"column":20}},"4":{"start":{"line":40,"column":20},"end":{"line":44,"column":1}},"5":{"start":{"line":46,"column":25},"end":{"line":49,"column":1}},"6":{"start":{"line":56,"column":6},"end":{"line":56,"column":11}},"7":{"start":{"line":58,"column":2},"end":{"line":74,"column":3}},"8":{"start":{"line":77,"column":0},"end":{"line":81,"column":1}},"9":{"start":{"line":83,"column":0},"end":{"line":87,"column":1}}},"fnMap":{"0":{"name":"(anonymous_0)","decl":{"start":{"line":12,"column":2},"end":{"line":12,"column":3}},"loc":{"start":{"line":12,"column":12},"end":{"line":14,"column":32}},"line":12},"1":{"name":"(anonymous_1)","decl":{"start":{"line":22,"column":2},"end":{"line":22,"column":3}},"loc":{"start":{"line":22,"column":12},"end":{"line":24,"column":20}},"line":22},"2":{"name":"(anonymous_2)","decl":{"start":{"line":30,"column":2},"end":{"line":30,"column":3}},"loc":{"start":{"line":30,"column":12},"end":{"line":32,"column":20}},"line":30},"3":{"name":"Input","decl":{"start":{"line":51,"column":9},"end":{"line":51,"column":14}},"loc":{"start":{"line":51,"column":22},"end":{"line":75,"column":1}},"line":51}},"branchMap":{"0":{"loc":{"start":{"line":12,"column":12},"end":{"line":14,"column":32}},"type":"cond-expr","locations":[{"start":{"line":13,"column":6},"end":{"line":13,"column":33}},{"start":{"line":14,"column":6},"end":{"line":14,"column":32}}],"line":12},"1":{"loc":{"start":{"line":22,"column":12},"end":{"line":24,"column":20}},"type":"cond-expr","locations":[{"start":{"line":23,"column":6},"end":{"line":23,"column":20}},{"start":{"line":24,"column":6},"end":{"line":24,"column":20}}],"line":22},"2":{"loc":{"start":{"line":30,"column":12},"end":{"line":32,"column":20}},"type":"cond-expr","locations":[{"start":{"line":31,"column":6},"end":{"line":31,"column":18}},{"start":{"line":32,"column":6},"end":{"line":32,"column":20}}],"line":30},"3":{"loc":{"start":{"line":68,"column":7},"end":{"line":72,"column":7}},"type":"binary-expr","locations":[{"start":{"line":68,"column":7},"end":{"line":68,"column":12}},{"start":{"line":69,"column":8},"end":{"line":71,"column":14}}],"line":68}},"s":{"0":1,"1":4,"2":4,"3":4,"4":1,"5":1,"6":4,"7":4,"8":1,"9":1},"f":{"0":4,"1":4,"2":4,"3":4},"b":{"0":[2,2],"1":[2,2],"2":[2,2],"3":[4,2]},"_coverageSchema":"43e27e138ebf9cfc5966b082cf9a028302ed4184","hash":"cf86c772b2b6410a4ec459e74b1406479ff4f274"}
,"/home/samuel/Documents/luizalabs/workout-log/src/components/Select/index.js": {"path":"/home/samuel/Documents/luizalabs/workout-log/src/components/Select/index.js","statementMap":{"0":{"start":{"line":7,"column":21},"end":{"line":39,"column":1}},"1":{"start":{"line":12,"column":12},"end":{"line":14,"column":32}},"2":{"start":{"line":22,"column":12},"end":{"line":24,"column":20}},"3":{"start":{"line":30,"column":12},"end":{"line":32,"column":20}},"4":{"start":{"line":41,"column":20},"end":{"line":45,"column":1}},"5":{"start":{"line":47,"column":25},"end":{"line":50,"column":1}},"6":{"start":{"line":58,"column":6},"end":{"line":58,"column":11}},"7":{"start":{"line":60,"column":2},"end":{"line":83,"column":3}},"8":{"start":{"line":72,"column":14},"end":{"line":72,"column":63}},"9":{"start":{"line":86,"column":0},"end":{"line":94,"column":1}},"10":{"start":{"line":96,"column":0},"end":{"line":100,"column":1}}},"fnMap":{"0":{"name":"(anonymous_0)","decl":{"start":{"line":12,"column":2},"end":{"line":12,"column":3}},"loc":{"start":{"line":12,"column":12},"end":{"line":14,"column":32}},"line":12},"1":{"name":"(anonymous_1)","decl":{"start":{"line":22,"column":2},"end":{"line":22,"column":3}},"loc":{"start":{"line":22,"column":12},"end":{"line":24,"column":20}},"line":22},"2":{"name":"(anonymous_2)","decl":{"start":{"line":30,"column":2},"end":{"line":30,"column":3}},"loc":{"start":{"line":30,"column":12},"end":{"line":32,"column":20}},"line":30},"3":{"name":"Select","decl":{"start":{"line":52,"column":9},"end":{"line":52,"column":15}},"loc":{"start":{"line":52,"column":23},"end":{"line":84,"column":1}},"line":52},"4":{"name":"(anonymous_4)","decl":{"start":{"line":71,"column":24},"end":{"line":71,"column":25}},"loc":{"start":{"line":72,"column":14},"end":{"line":72,"column":63}},"line":72}},"branchMap":{"0":{"loc":{"start":{"line":12,"column":12},"end":{"line":14,"column":32}},"type":"cond-expr","locations":[{"start":{"line":13,"column":6},"end":{"line":13,"column":33}},{"start":{"line":14,"column":6},"end":{"line":14,"column":32}}],"line":12},"1":{"loc":{"start":{"line":22,"column":12},"end":{"line":24,"column":20}},"type":"cond-expr","locations":[{"start":{"line":23,"column":6},"end":{"line":23,"column":20}},{"start":{"line":24,"column":6},"end":{"line":24,"column":20}}],"line":22},"2":{"loc":{"start":{"line":30,"column":12},"end":{"line":32,"column":20}},"type":"cond-expr","locations":[{"start":{"line":31,"column":6},"end":{"line":31,"column":18}},{"start":{"line":32,"column":6},"end":{"line":32,"column":20}}],"line":30},"3":{"loc":{"start":{"line":77,"column":7},"end":{"line":81,"column":7}},"type":"binary-expr","locations":[{"start":{"line":77,"column":7},"end":{"line":77,"column":12}},{"start":{"line":78,"column":8},"end":{"line":80,"column":14}}],"line":77}},"s":{"0":1,"1":4,"2":4,"3":4,"4":1,"5":1,"6":4,"7":4,"8":12,"9":1,"10":1},"f":{"0":4,"1":4,"2":4,"3":4,"4":12},"b":{"0":[2,2],"1":[2,2],"2":[2,2],"3":[4,2]},"_coverageSchema":"43e27e138ebf9cfc5966b082cf9a028302ed4184","hash":"f0ca2d195efbe17fb1a74bad6976057fe80833c0"}
,"/home/samuel/Documents/luizalabs/workout-log/src/components/Table/Table.js": {"path":"/home/samuel/Documents/luizalabs/workout-log/src/components/Table/Table.js","statementMap":{"0":{"start":{"line":6,"column":20},"end":{"line":23,"column":1}},"1":{"start":{"line":26,"column":23},"end":{"line":26,"column":28}},"2":{"start":{"line":28,"column":2},"end":{"line":32,"column":3}},"3":{"start":{"line":35,"column":0},"end":{"line":37,"column":1}},"4":{"start":{"line":39,"column":0},"end":{"line":41,"column":1}}},"fnMap":{"0":{"name":"Table","decl":{"start":{"line":25,"column":9},"end":{"line":25,"column":14}},"loc":{"start":{"line":25,"column":22},"end":{"line":33,"column":1}},"line":25}},"branchMap":{},"s":{"0":1,"1":1,"2":1,"3":1,"4":1},"f":{"0":1},"b":{},"_coverageSchema":"43e27e138ebf9cfc5966b082cf9a028302ed4184","hash":"a61e749db158b474e9966abfe4827f3bc0191644"}
,"/home/samuel/Documents/luizalabs/workout-log/src/components/Table/index.js": {"path":"/home/samuel/Documents/luizalabs/workout-log/src/components/Table/index.js","statementMap":{},"fnMap":{},"branchMap":{},"s":{},"f":{},"b":{},"_coverageSchema":"43e27e138ebf9cfc5966b082cf9a028302ed4184","hash":"d6cd10dd7f4b6eb9fbce188699611ae5bbd09292"}
,"/home/samuel/Documents/luizalabs/workout-log/src/constants/colors.js": {"path":"/home/samuel/Documents/luizalabs/workout-log/src/constants/colors.js","statementMap":{},"fnMap":{},"branchMap":{},"s":{},"f":{},"b":{},"_coverageSchema":"43e27e138ebf9cfc5966b082cf9a028302ed4184","hash":"79e6dac3da8ed290f476a73c735fb093ed30fe7d"}
,"/home/samuel/Documents/luizalabs/workout-log/src/constants/index.js": {"path":"/home/samuel/Documents/luizalabs/workout-log/src/constants/index.js","statementMap":{},"fnMap":{},"branchMap":{},"s":{},"f":{},"b":{},"_coverageSchema":"43e27e138ebf9cfc5966b082cf9a028302ed4184","hash":"cf68e76e4c6367ccfe848c0d414923c9a9268d4c"}
,"/home/samuel/Documents/luizalabs/workout-log/src/modules/workout-log/action.js": {"path":"/home/samuel/Documents/luizalabs/workout-log/src/modules/workout-log/action.js","statementMap":{"0":{"start":{"line":7,"column":19},"end":{"line":10,"column":2}},"1":{"start":{"line":7,"column":31},"end":{"line":10,"column":1}},"2":{"start":{"line":12,"column":22},"end":{"line":15,"column":2}},"3":{"start":{"line":12,"column":34},"end":{"line":15,"column":1}},"4":{"start":{"line":17,"column":28},"end":{"line":20,"column":2}},"5":{"start":{"line":17,"column":40},"end":{"line":20,"column":1}}},"fnMap":{"0":{"name":"(anonymous_0)","decl":{"start":{"line":7,"column":19},"end":{"line":7,"column":20}},"loc":{"start":{"line":7,"column":31},"end":{"line":10,"column":1}},"line":7},"1":{"name":"(anonymous_1)","decl":{"start":{"line":12,"column":22},"end":{"line":12,"column":23}},"loc":{"start":{"line":12,"column":34},"end":{"line":15,"column":1}},"line":12},"2":{"name":"(anonymous_2)","decl":{"start":{"line":17,"column":28},"end":{"line":17,"column":29}},"loc":{"start":{"line":17,"column":40},"end":{"line":20,"column":1}},"line":17}},"branchMap":{},"s":{"0":1,"1":2,"2":1,"3":1,"4":1,"5":1},"f":{"0":2,"1":1,"2":1},"b":{},"_coverageSchema":"43e27e138ebf9cfc5966b082cf9a028302ed4184","hash":"b28d27d51ae95c4a30cf0cc1b278be5ffa605d18"}
,"/home/samuel/Documents/luizalabs/workout-log/src/modules/workout-log/constants.js": {"path":"/home/samuel/Documents/luizalabs/workout-log/src/modules/workout-log/constants.js","statementMap":{"0":{"start":{"line":1,"column":31},"end":{"line":1,"column":52}},"1":{"start":{"line":2,"column":34},"end":{"line":2,"column":58}},"2":{"start":{"line":4,"column":41},"end":{"line":4,"column":67}}},"fnMap":{},"branchMap":{},"s":{"0":3,"1":3,"2":3},"f":{},"b":{},"_coverageSchema":"43e27e138ebf9cfc5966b082cf9a028302ed4184","hash":"ce14320c7fc8b60c1d97eae5c6b001e6c76bd648"}
,"/home/samuel/Documents/luizalabs/workout-log/src/modules/workout-log/reducer.js": {"path":"/home/samuel/Documents/luizalabs/workout-log/src/modules/workout-log/reducer.js","statementMap":{"0":{"start":{"line":8,"column":29},"end":{"line":14,"column":1}},"1":{"start":{"line":17,"column":2},"end":{"line":40,"column":3}},"2":{"start":{"line":19,"column":6},"end":{"line":25,"column":7}},"3":{"start":{"line":27,"column":6},"end":{"line":32,"column":7}},"4":{"start":{"line":30,"column":10},"end":{"line":30,"column":43}},"5":{"start":{"line":34,"column":6},"end":{"line":37,"column":7}},"6":{"start":{"line":39,"column":6},"end":{"line":39,"column":18}}},"fnMap":{"0":{"name":"(anonymous_0)","decl":{"start":{"line":16,"column":15},"end":{"line":16,"column":16}},"loc":{"start":{"line":16,"column":56},"end":{"line":41,"column":1}},"line":16},"1":{"name":"(anonymous_1)","decl":{"start":{"line":29,"column":32},"end":{"line":29,"column":33}},"loc":{"start":{"line":30,"column":10},"end":{"line":30,"column":43}},"line":30}},"branchMap":{"0":{"loc":{"start":{"line":16,"column":25},"end":{"line":16,"column":46}},"type":"default-arg","locations":[{"start":{"line":16,"column":33},"end":{"line":16,"column":46}}],"line":16},"1":{"loc":{"start":{"line":17,"column":2},"end":{"line":40,"column":3}},"type":"switch","locations":[{"start":{"line":18,"column":4},"end":{"line":25,"column":7}},{"start":{"line":26,"column":4},"end":{"line":32,"column":7}},{"start":{"line":33,"column":4},"end":{"line":37,"column":7}},{"start":{"line":38,"column":4},"end":{"line":39,"column":18}}],"line":17}},"s":{"0":3,"1":6,"2":1,"3":1,"4":2,"5":1,"6":3},"f":{"0":6,"1":2},"b":{"0":[1],"1":[1,1,1,3]},"_coverageSchema":"43e27e138ebf9cfc5966b082cf9a028302ed4184","hash":"e407f4ef9bed9700a8b0ed0680b48687a135bd52"}
,"/home/samuel/Documents/luizalabs/workout-log/src/modules/workout-log/selector.js": {"path":"/home/samuel/Documents/luizalabs/workout-log/src/modules/workout-log/selector.js","statementMap":{"0":{"start":{"line":6,"column":27},"end":{"line":6,"column":41}},"1":{"start":{"line":6,"column":36},"end":{"line":6,"column":41}},"2":{"start":{"line":8,"column":21},"end":{"line":14,"column":1}},"3":{"start":{"line":9,"column":2},"end":{"line":11,"column":3}},"4":{"start":{"line":10,"column":4},"end":{"line":10,"column":43}},"5":{"start":{"line":13,"column":2},"end":{"line":13,"column":60}},"6":{"start":{"line":16,"column":14},"end":{"line":20,"column":1}},"7":{"start":{"line":22,"column":29},"end":{"line":26,"column":3}},"8":{"start":{"line":22,"column":37},"end":{"line":26,"column":3}},"9":{"start":{"line":22,"column":55},"end":{"line":26,"column":1}},"10":{"start":{"line":28,"column":23},"end":{"line":31,"column":1}},"11":{"start":{"line":30,"column":16},"end":{"line":30,"column":55}}},"fnMap":{"0":{"name":"(anonymous_0)","decl":{"start":{"line":6,"column":27},"end":{"line":6,"column":28}},"loc":{"start":{"line":6,"column":36},"end":{"line":6,"column":41}},"line":6},"1":{"name":"(anonymous_1)","decl":{"start":{"line":8,"column":21},"end":{"line":8,"column":22}},"loc":{"start":{"line":8,"column":43},"end":{"line":14,"column":1}},"line":8},"2":{"name":"(anonymous_2)","decl":{"start":{"line":22,"column":29},"end":{"line":22,"column":30}},"loc":{"start":{"line":22,"column":37},"end":{"line":26,"column":3}},"line":22},"3":{"name":"(anonymous_3)","decl":{"start":{"line":22,"column":46},"end":{"line":22,"column":47}},"loc":{"start":{"line":22,"column":55},"end":{"line":26,"column":1}},"line":22},"4":{"name":"(anonymous_4)","decl":{"start":{"line":30,"column":2},"end":{"line":30,"column":3}},"loc":{"start":{"line":30,"column":16},"end":{"line":30,"column":55}},"line":30}},"branchMap":{"0":{"loc":{"start":{"line":9,"column":2},"end":{"line":11,"column":3}},"type":"if","locations":[{"start":{"line":9,"column":2},"end":{"line":11,"column":3}},{"start":{"line":9,"column":2},"end":{"line":11,"column":3}}],"line":9}},"s":{"0":1,"1":2,"2":1,"3":2,"4":1,"5":1,"6":1,"7":1,"8":4,"9":16,"10":1,"11":2},"f":{"0":2,"1":2,"2":4,"3":16,"4":2},"b":{"0":[1,1]},"_coverageSchema":"43e27e138ebf9cfc5966b082cf9a028302ed4184","hash":"2aa38f51e2869709d802034be4930fa4227c4177"}
,"/home/samuel/Documents/luizalabs/workout-log/src/utils/LightenDarkenColor.js": {"path":"/home/samuel/Documents/luizalabs/workout-log/src/utils/LightenDarkenColor.js","statementMap":{"0":{"start":{"line":2,"column":17},"end":{"line":7,"column":1}},"1":{"start":{"line":3,"column":13},"end":{"line":3,"column":41}},"2":{"start":{"line":4,"column":10},"end":{"line":4,"column":33}},"3":{"start":{"line":5,"column":2},"end":{"line":5,"column":73}},"4":{"start":{"line":6,"column":2},"end":{"line":6,"column":10}},"5":{"start":{"line":9,"column":22},"end":{"line":14,"column":1}},"6":{"start":{"line":10,"column":13},"end":{"line":10,"column":41}},"7":{"start":{"line":11,"column":10},"end":{"line":11,"column":29}},"8":{"start":{"line":12,"column":2},"end":{"line":12,"column":73}},"9":{"start":{"line":13,"column":2},"end":{"line":13,"column":10}},"10":{"start":{"line":16,"column":23},"end":{"line":20,"column":1}},"11":{"start":{"line":17,"column":2},"end":{"line":17,"column":78}},"12":{"start":{"line":18,"column":2},"end":{"line":18,"column":41}},"13":{"start":{"line":19,"column":2},"end":{"line":19,"column":138}},"14":{"start":{"line":22,"column":22},"end":{"line":26,"column":1}},"15":{"start":{"line":23,"column":2},"end":{"line":23,"column":78}},"16":{"start":{"line":24,"column":2},"end":{"line":24,"column":41}},"17":{"start":{"line":25,"column":2},"end":{"line":25,"column":161}}},"fnMap":{"0":{"name":"(anonymous_0)","decl":{"start":{"line":2,"column":17},"end":{"line":2,"column":18}},"loc":{"start":{"line":2,"column":36},"end":{"line":7,"column":1}},"line":2},"1":{"name":"(anonymous_1)","decl":{"start":{"line":9,"column":22},"end":{"line":9,"column":23}},"loc":{"start":{"line":9,"column":41},"end":{"line":14,"column":1}},"line":9},"2":{"name":"(anonymous_2)","decl":{"start":{"line":16,"column":23},"end":{"line":16,"column":24}},"loc":{"start":{"line":16,"column":42},"end":{"line":20,"column":1}},"line":16},"3":{"name":"(anonymous_3)","decl":{"start":{"line":22,"column":22},"end":{"line":22,"column":23}},"loc":{"start":{"line":22,"column":41},"end":{"line":26,"column":1}},"line":22}},"branchMap":{"0":{"loc":{"start":{"line":4,"column":10},"end":{"line":4,"column":33}},"type":"cond-expr","locations":[{"start":{"line":4,"column":23},"end":{"line":4,"column":26}},{"start":{"line":4,"column":30},"end":{"line":4,"column":32}}],"line":4},"1":{"loc":{"start":{"line":5,"column":6},"end":{"line":5,"column":73}},"type":"cond-expr","locations":[{"start":{"line":5,"column":36},"end":{"line":5,"column":50}},{"start":{"line":5,"column":53},"end":{"line":5,"column":73}}],"line":5},"2":{"loc":{"start":{"line":11,"column":10},"end":{"line":11,"column":29}},"type":"cond-expr","locations":[{"start":{"line":11,"column":21},"end":{"line":11,"column":22}},{"start":{"line":11,"column":26},"end":{"line":11,"column":28}}],"line":11},"3":{"loc":{"start":{"line":12,"column":6},"end":{"line":12,"column":73}},"type":"cond-expr","locations":[{"start":{"line":12,"column":36},"end":{"line":12,"column":50}},{"start":{"line":12,"column":53},"end":{"line":12,"column":73}}],"line":12},"4":{"loc":{"start":{"line":17,"column":10},"end":{"line":17,"column":78}},"type":"cond-expr","locations":[{"start":{"line":17,"column":38},"end":{"line":17,"column":70}},{"start":{"line":17,"column":73},"end":{"line":17,"column":78}}],"line":17},"5":{"loc":{"start":{"line":23,"column":10},"end":{"line":23,"column":78}},"type":"cond-expr","locations":[{"start":{"line":23,"column":38},"end":{"line":23,"column":70}},{"start":{"line":23,"column":73},"end":{"line":23,"column":78}}],"line":23}},"s":{"0":1,"1":0,"2":0,"3":0,"4":0,"5":1,"6":24,"7":24,"8":24,"9":24,"10":1,"11":0,"12":0,"13":0,"14":1,"15":8,"16":8,"17":8},"f":{"0":0,"1":24,"2":0,"3":8},"b":{"0":[0,0],"1":[0,0],"2":[6,18],"3":[14,10],"4":[0,0],"5":[8,0]},"_coverageSchema":"43e27e138ebf9cfc5966b082cf9a028302ed4184","hash":"03f25a4f9303d052ec85db92eb30f61305ecf2c0"}
,"/home/samuel/Documents/luizalabs/workout-log/src/utils/guid.js": {"path":"/home/samuel/Documents/luizalabs/workout-log/src/utils/guid.js","statementMap":{"0":{"start":{"line":3,"column":4},"end":{"line":5,"column":19}},"1":{"start":{"line":7,"column":2},"end":{"line":7,"column":25}}},"fnMap":{"0":{"name":"guid","decl":{"start":{"line":1,"column":9},"end":{"line":1,"column":13}},"loc":{"start":{"line":1,"column":16},"end":{"line":8,"column":1}},"line":1},"1":{"name":"s4","decl":{"start":{"line":2,"column":11},"end":{"line":2,"column":13}},"loc":{"start":{"line":2,"column":16},"end":{"line":6,"column":3}},"line":2}},"branchMap":{},"s":{"0":20,"1":10},"f":{"0":10,"1":20},"b":{},"_coverageSchema":"43e27e138ebf9cfc5966b082cf9a028302ed4184","hash":"ea61efb1d94decd28d375e56ad154623470d1354"}
,"/home/samuel/Documents/luizalabs/workout-log/src/utils/sortByAlphabet.js": {"path":"/home/samuel/Documents/luizalabs/workout-log/src/utils/sortByAlphabet.js","statementMap":{"0":{"start":{"line":1,"column":23},"end":{"line":19,"column":1}},"1":{"start":{"line":2,"column":14},"end":{"line":6,"column":3}},"2":{"start":{"line":3,"column":4},"end":{"line":3,"column":33}},"3":{"start":{"line":3,"column":25},"end":{"line":3,"column":33}},"4":{"start":{"line":4,"column":4},"end":{"line":4,"column":34}},"5":{"start":{"line":4,"column":25},"end":{"line":4,"column":34}},"6":{"start":{"line":5,"column":4},"end":{"line":5,"column":12}},"7":{"start":{"line":8,"column":15},"end":{"line":12,"column":3}},"8":{"start":{"line":9,"column":4},"end":{"line":9,"column":33}},"9":{"start":{"line":9,"column":25},"end":{"line":9,"column":33}},"10":{"start":{"line":10,"column":4},"end":{"line":10,"column":34}},"11":{"start":{"line":10,"column":25},"end":{"line":10,"column":34}},"12":{"start":{"line":11,"column":4},"end":{"line":11,"column":12}},"13":{"start":{"line":14,"column":16},"end":{"line":14,"column":46}},"14":{"start":{"line":16,"column":18},"end":{"line":16,"column":35}},"15":{"start":{"line":18,"column":2},"end":{"line":18,"column":16}}},"fnMap":{"0":{"name":"(anonymous_0)","decl":{"start":{"line":1,"column":23},"end":{"line":1,"column":24}},"loc":{"start":{"line":1,"column":53},"end":{"line":19,"column":1}},"line":1},"1":{"name":"(anonymous_1)","decl":{"start":{"line":2,"column":14},"end":{"line":2,"column":15}},"loc":{"start":{"line":2,"column":24},"end":{"line":6,"column":3}},"line":2},"2":{"name":"(anonymous_2)","decl":{"start":{"line":8,"column":15},"end":{"line":8,"column":16}},"loc":{"start":{"line":8,"column":25},"end":{"line":12,"column":3}},"line":8}},"branchMap":{"0":{"loc":{"start":{"line":1,"column":24},"end":{"line":1,"column":34}},"type":"default-arg","locations":[{"start":{"line":1,"column":32},"end":{"line":1,"column":34}}],"line":1},"1":{"loc":{"start":{"line":3,"column":4},"end":{"line":3,"column":33}},"type":"if","locations":[{"start":{"line":3,"column":4},"end":{"line":3,"column":33}},{"start":{"line":3,"column":4},"end":{"line":3,"column":33}}],"line":3},"2":{"loc":{"start":{"line":4,"column":4},"end":{"line":4,"column":34}},"type":"if","locations":[{"start":{"line":4,"column":4},"end":{"line":4,"column":34}},{"start":{"line":4,"column":4},"end":{"line":4,"column":34}}],"line":4},"3":{"loc":{"start":{"line":9,"column":4},"end":{"line":9,"column":33}},"type":"if","locations":[{"start":{"line":9,"column":4},"end":{"line":9,"column":33}},{"start":{"line":9,"column":4},"end":{"line":9,"column":33}}],"line":9},"4":{"loc":{"start":{"line":10,"column":4},"end":{"line":10,"column":34}},"type":"if","locations":[{"start":{"line":10,"column":4},"end":{"line":10,"column":34}},{"start":{"line":10,"column":4},"end":{"line":10,"column":34}}],"line":10},"5":{"loc":{"start":{"line":14,"column":16},"end":{"line":14,"column":46}},"type":"cond-expr","locations":[{"start":{"line":14,"column":36},"end":{"line":14,"column":39}},{"start":{"line":14,"column":42},"end":{"line":14,"column":46}}],"line":14}},"s":{"0":1,"1":2,"2":3,"3":0,"4":3,"5":2,"6":1,"7":2,"8":3,"9":0,"10":3,"11":0,"12":3,"13":2,"14":2,"15":2},"f":{"0":2,"1":3,"2":3},"b":{"0":[0],"1":[0,3],"2":[2,1],"3":[0,3],"4":[0,3],"5":[1,1]},"_coverageSchema":"43e27e138ebf9cfc5966b082cf9a028302ed4184","hash":"c2320d440641adac54c5012115440b2a9350bdfa"}
,"/home/samuel/Documents/luizalabs/workout-log/src/utils/sortByDate.js": {"path":"/home/samuel/Documents/luizalabs/workout-log/src/utils/sortByDate.js","statementMap":{"0":{"start":{"line":1,"column":20},"end":{"line":10,"column":1}},"1":{"start":{"line":2,"column":15},"end":{"line":2,"column":60}},"2":{"start":{"line":2,"column":25},"end":{"line":2,"column":60}},"3":{"start":{"line":3,"column":14},"end":{"line":3,"column":59}},"4":{"start":{"line":3,"column":24},"end":{"line":3,"column":59}},"5":{"start":{"line":5,"column":16},"end":{"line":5,"column":46}},"6":{"start":{"line":7,"column":18},"end":{"line":7,"column":35}},"7":{"start":{"line":9,"column":2},"end":{"line":9,"column":16}}},"fnMap":{"0":{"name":"(anonymous_0)","decl":{"start":{"line":1,"column":20},"end":{"line":1,"column":21}},"loc":{"start":{"line":1,"column":45},"end":{"line":10,"column":1}},"line":1},"1":{"name":"(anonymous_1)","decl":{"start":{"line":2,"column":15},"end":{"line":2,"column":16}},"loc":{"start":{"line":2,"column":25},"end":{"line":2,"column":60}},"line":2},"2":{"name":"(anonymous_2)","decl":{"start":{"line":3,"column":14},"end":{"line":3,"column":15}},"loc":{"start":{"line":3,"column":24},"end":{"line":3,"column":59}},"line":3}},"branchMap":{"0":{"loc":{"start":{"line":1,"column":21},"end":{"line":1,"column":31}},"type":"default-arg","locations":[{"start":{"line":1,"column":29},"end":{"line":1,"column":31}}],"line":1},"1":{"loc":{"start":{"line":5,"column":16},"end":{"line":5,"column":46}},"type":"cond-expr","locations":[{"start":{"line":5,"column":36},"end":{"line":5,"column":39}},{"start":{"line":5,"column":42},"end":{"line":5,"column":46}}],"line":5}},"s":{"0":1,"1":2,"2":0,"3":2,"4":6,"5":2,"6":2,"7":2},"f":{"0":2,"1":0,"2":6},"b":{"0":[0],"1":[2,0]},"_coverageSchema":"43e27e138ebf9cfc5966b082cf9a028302ed4184","hash":"837c37ffc00d73a97470d444ee2e5f6914b1e84c"}
}
