TN:
SF:/home/samuel/Documents/luizalabs/workout-log/src/components/Button/index.js
FN:8,(anonymous_0)
FN:14,(anonymous_1)
FN:20,(anonymous_2)
FN:24,(anonymous_3)
FN:28,Button
FNF:5
FNH:5
FNDA:2,(anonymous_0)
FNDA:2,(anonymous_1)
FNDA:2,(anonymous_2)
FNDA:2,(anonymous_3)
FNDA:2,Button
DA:7,1
DA:8,2
DA:14,2
DA:20,2
DA:24,2
DA:29,2
DA:31,2
DA:38,1
DA:44,1
LF:9
LH:9
BRDA:8,0,0,2
BRDA:8,0,1,0
BRF:2
BRH:1
end_of_record
TN:
SF:/home/samuel/Documents/luizalabs/workout-log/src/components/Input/index.js
FN:12,(anonymous_0)
FN:22,(anonymous_1)
FN:30,(anonymous_2)
FN:51,Input
FNF:4
FNH:4
FNDA:4,(anonymous_0)
FNDA:4,(anonymous_1)
FNDA:4,(anonymous_2)
FNDA:4,Input
DA:7,1
DA:12,4
DA:22,4
DA:30,4
DA:40,1
DA:46,1
DA:56,4
DA:58,4
DA:77,1
DA:83,1
LF:10
LH:10
BRDA:12,0,0,2
BRDA:12,0,1,2
BRDA:22,1,0,2
BRDA:22,1,1,2
BRDA:30,2,0,2
BRDA:30,2,1,2
BRDA:68,3,0,4
BRDA:68,3,1,2
BRF:8
BRH:8
end_of_record
TN:
SF:/home/samuel/Documents/luizalabs/workout-log/src/components/Select/index.js
FN:12,(anonymous_0)
FN:22,(anonymous_1)
FN:30,(anonymous_2)
FN:52,Select
FN:71,(anonymous_4)
FNF:5
FNH:5
FNDA:4,(anonymous_0)
FNDA:4,(anonymous_1)
FNDA:4,(anonymous_2)
FNDA:4,Select
FNDA:12,(anonymous_4)
DA:7,1
DA:12,4
DA:22,4
DA:30,4
DA:41,1
DA:47,1
DA:58,4
DA:60,4
DA:72,12
DA:86,1
DA:96,1
LF:11
LH:11
BRDA:12,0,0,2
BRDA:12,0,1,2
BRDA:22,1,0,2
BRDA:22,1,1,2
BRDA:30,2,0,2
BRDA:30,2,1,2
BRDA:77,3,0,4
BRDA:77,3,1,2
BRF:8
BRH:8
end_of_record
TN:
SF:/home/samuel/Documents/luizalabs/workout-log/src/components/Table/Table.js
FN:25,Table
FNF:1
FNH:1
FNDA:1,Table
DA:6,1
DA:26,1
DA:28,1
DA:35,1
DA:39,1
LF:5
LH:5
BRF:0
BRH:0
end_of_record
TN:
SF:/home/samuel/Documents/luizalabs/workout-log/src/components/Table/index.js
FNF:0
FNH:0
LF:0
LH:0
BRF:0
BRH:0
end_of_record
TN:
SF:/home/samuel/Documents/luizalabs/workout-log/src/constants/colors.js
FNF:0
FNH:0
LF:0
LH:0
BRF:0
BRH:0
end_of_record
TN:
SF:/home/samuel/Documents/luizalabs/workout-log/src/constants/index.js
FNF:0
FNH:0
LF:0
LH:0
BRF:0
BRH:0
end_of_record
TN:
SF:/home/samuel/Documents/luizalabs/workout-log/src/modules/workout-log/action.js
FN:7,(anonymous_0)
FN:12,(anonymous_1)
FN:17,(anonymous_2)
FNF:3
FNH:3
FNDA:2,(anonymous_0)
FNDA:1,(anonymous_1)
FNDA:1,(anonymous_2)
DA:7,2
DA:12,1
DA:17,1
LF:3
LH:3
BRF:0
BRH:0
end_of_record
TN:
SF:/home/samuel/Documents/luizalabs/workout-log/src/modules/workout-log/constants.js
FNF:0
FNH:0
DA:1,3
DA:2,3
DA:4,3
LF:3
LH:3
BRF:0
BRH:0
end_of_record
TN:
SF:/home/samuel/Documents/luizalabs/workout-log/src/modules/workout-log/reducer.js
FN:16,(anonymous_0)
FN:29,(anonymous_1)
FNF:2
FNH:2
FNDA:6,(anonymous_0)
FNDA:2,(anonymous_1)
DA:8,3
DA:17,6
DA:19,1
DA:27,1
DA:30,2
DA:34,1
DA:39,3
LF:7
LH:7
BRDA:16,0,0,1
BRDA:17,1,0,1
BRDA:17,1,1,1
BRDA:17,1,2,1
BRDA:17,1,3,3
BRF:5
BRH:5
end_of_record
TN:
SF:/home/samuel/Documents/luizalabs/workout-log/src/modules/workout-log/selector.js
FN:6,(anonymous_0)
FN:8,(anonymous_1)
FN:22,(anonymous_2)
FN:22,(anonymous_3)
FN:30,(anonymous_4)
FNF:5
FNH:5
FNDA:2,(anonymous_0)
FNDA:2,(anonymous_1)
FNDA:4,(anonymous_2)
FNDA:16,(anonymous_3)
FNDA:2,(anonymous_4)
DA:6,2
DA:8,1
DA:9,2
DA:10,1
DA:13,1
DA:16,1
DA:22,16
DA:28,1
DA:30,2
LF:9
LH:9
BRDA:9,0,0,1
BRDA:9,0,1,1
BRF:2
BRH:2
end_of_record
TN:
SF:/home/samuel/Documents/luizalabs/workout-log/src/utils/LightenDarkenColor.js
FN:2,(anonymous_0)
FN:9,(anonymous_1)
FN:16,(anonymous_2)
FN:22,(anonymous_3)
FNF:4
FNH:2
FNDA:0,(anonymous_0)
FNDA:24,(anonymous_1)
FNDA:0,(anonymous_2)
FNDA:8,(anonymous_3)
DA:2,1
DA:3,0
DA:4,0
DA:5,0
DA:6,0
DA:9,1
DA:10,24
DA:11,24
DA:12,24
DA:13,24
DA:16,1
DA:17,0
DA:18,0
DA:19,0
DA:22,1
DA:23,8
DA:24,8
DA:25,8
LF:18
LH:11
BRDA:4,0,0,0
BRDA:4,0,1,0
BRDA:5,1,0,0
BRDA:5,1,1,0
BRDA:11,2,0,6
BRDA:11,2,1,18
BRDA:12,3,0,14
BRDA:12,3,1,10
BRDA:17,4,0,0
BRDA:17,4,1,0
BRDA:23,5,0,8
BRDA:23,5,1,0
BRF:12
BRH:5
end_of_record
TN:
SF:/home/samuel/Documents/luizalabs/workout-log/src/utils/guid.js
FN:1,guid
FN:2,s4
FNF:2
FNH:2
FNDA:10,guid
FNDA:20,s4
DA:3,20
DA:7,10
LF:2
LH:2
BRF:0
BRH:0
end_of_record
TN:
SF:/home/samuel/Documents/luizalabs/workout-log/src/utils/sortByAlphabet.js
FN:1,(anonymous_0)
FN:2,(anonymous_1)
FN:8,(anonymous_2)
FNF:3
FNH:3
FNDA:2,(anonymous_0)
FNDA:3,(anonymous_1)
FNDA:3,(anonymous_2)
DA:1,1
DA:2,2
DA:3,3
DA:4,3
DA:5,1
DA:8,2
DA:9,3
DA:10,3
DA:11,3
DA:14,2
DA:16,2
DA:18,2
LF:12
LH:12
BRDA:1,0,0,0
BRDA:3,1,0,0
BRDA:3,1,1,3
BRDA:4,2,0,2
BRDA:4,2,1,1
BRDA:9,3,0,0
BRDA:9,3,1,3
BRDA:10,4,0,0
BRDA:10,4,1,3
BRDA:14,5,0,1
BRDA:14,5,1,1
BRF:11
BRH:7
end_of_record
TN:
SF:/home/samuel/Documents/luizalabs/workout-log/src/utils/sortByDate.js
FN:1,(anonymous_0)
FN:2,(anonymous_1)
FN:3,(anonymous_2)
FNF:3
FNH:2
FNDA:2,(anonymous_0)
FNDA:0,(anonymous_1)
FNDA:6,(anonymous_2)
DA:1,1
DA:2,2
DA:3,6
DA:5,2
DA:7,2
DA:9,2
LF:6
LH:6
BRDA:1,0,0,0
BRDA:5,1,0,2
BRDA:5,1,1,0
BRF:3
BRH:1
end_of_record
